
Showing logs for build [32mcb-kubecd-environment-pr-162-12-8v42s-1[0m stage [32mfrom-build-pack[0m and container [32mstep-credential-initializer-h8kmw[0m
{"level":"warn","ts":1582008128.6549013,"logger":"fallback-logger","caller":"logging/config.go:69","msg":"Fetch GitHub commit ID from kodata failed: \"ref: refs/heads/0.8.0-**-support-backwards-incompats\" is not a valid GitHub commit ID"}
{"level":"info","ts":1582008128.6559458,"logger":"fallback-logger","caller":"creds-init/main.go:40","msg":"Credentials initialized."}

Showing logs for build [32mcb-kubecd-environment-pr-162-12-8v42s-1[0m stage [32mfrom-build-pack[0m and container [32mstep-working-dir-initializer-9q2pd[0m
{"level":"warn","ts":1582008130.0535972,"logger":"fallback-logger","caller":"logging/config.go:69","msg":"Fetch GitHub commit ID from kodata failed: open /var/run/ko/HEAD: no such file or directory"}
{"level":"info","ts":1582008130.0555975,"logger":"fallback-logger","caller":"bash/main.go:64","msg":"Successfully executed command \"sh -c mkdir -p /workspace/source\"; output "}

Showing logs for build [32mcb-kubecd-environment-pr-162-12-8v42s-1[0m stage [32mfrom-build-pack[0m and container [32mstep-place-tools[0m

Showing logs for build [32mcb-kubecd-environment-pr-162-12-8v42s-1[0m stage [32mfrom-build-pack[0m and container [32mstep-git-source-cb-kubecd-environment-pr-162-12-8v42s-glhks[0m
{"level":"warn","ts":1582008134.1462755,"logger":"fallback-logger","caller":"logging/config.go:69","msg":"Fetch GitHub commit ID from kodata failed: \"ref: refs/heads/0.8.0-**-support-backwards-incompats\" is not a valid GitHub commit ID"}
{"level":"info","ts":1582008135.286936,"logger":"fallback-logger","caller":"git/git.go:103","msg":"Successfully cloned https://github.com/cb-kubecd/environment-pr-162-12-gke-upgrade-staging.git @ master in path /workspace/source"}

Showing logs for build [32mcb-kubecd-environment-pr-162-12-8v42s-1[0m stage [32mfrom-build-pack[0m and container [32mstep-git-merge[0m
Using SHAs from PULL_REFS=master:c2cb8428ec33f5b7b7da0cc466ad60808bcf8fa1,1:4b00427db3973647bd69fd58ec939786398ed42b
DEBUG: LC_ALL=C JX_LOG_LEVEL=error git fetch origin --unshallow 4b00427db3973647bd69fd58ec939786398ed42b: c2cb8428ec33f5b7b7da0cc466ad60808bcf8fa1:
DEBUG: ran git fetch --unshallow origin 4b00427db3973647bd69fd58ec939786398ed42b: c2cb8428ec33f5b7b7da0cc466ad60808bcf8fa1: in 
DEBUG: LC_ALL=C JX_LOG_LEVEL=error git branch
DEBUG: LC_ALL=C JX_LOG_LEVEL=error git checkout master
DEBUG: ran git checkout master in 
DEBUG: LC_ALL=C JX_LOG_LEVEL=error git reset --hard c2cb8428ec33f5b7b7da0cc466ad60808bcf8fa1
DEBUG: ran git reset --hard c2cb8428ec33f5b7b7da0cc466ad60808bcf8fa1 in 
DEBUG: LC_ALL=C JX_LOG_LEVEL=error git clean -fd .
DEBUG: ran clean --force -d . in 
DEBUG: LC_ALL=C JX_LOG_LEVEL=error git merge 4b00427db3973647bd69fd58ec939786398ed42b
DEBUG: ran git merge 4b00427db3973647bd69fd58ec939786398ed42b in 
DEBUG: JX_LOG_LEVEL=error LC_ALL=C git log --format=%H%x1f%an%x1f%ae%x1f%cn%x1f%ce%x1f%s%n%b%x1e c2cb8428ec33f5b7b7da0cc466ad60808bcf8fa1..HEAD
Merged SHA 4b00427db3973647bd69fd58ec939786398ed42b with commit message 'chore: Promote bdd-spring-1582007780 to version 0.0.1' into base branch master

Showing logs for build [32mcb-kubecd-environment-pr-162-12-8v42s-1[0m stage [32mfrom-build-pack[0m and container [32mstep-build-helm-build[0m
WARNING: No $CHART_REPOSITORY defined so using the default value of: http://jenkins-x-chartmuseum:8080
Adding missing Helm repo: storage.googleapis.com https://storage.googleapis.com/chartmuseum.jenkins-x.io
WARNING: No secrets found on "helm/repos" due: reading the secret "helm/repos" from vault: no secret "helm/repos" not found in vault
Read credentials for https://storage.googleapis.com/chartmuseum.jenkins-x.io from vault helm/repos
Successfully added Helm repository storage.googleapis.com.
Adding missing Helm repo: jenkins-x-chartmuseum http://jenkins-x-chartmuseum:8080
WARNING: No secrets found on "helm/repos" due: reading the secret "helm/repos" from vault: no secret "helm/repos" not found in vault
Read credentials for http://jenkins-x-chartmuseum:8080 from vault helm/repos
Successfully added Helm repository jenkins-x-chartmuseum.
WARNING: No $CHART_REPOSITORY defined so using the default value of: http://jenkins-x-chartmuseum:8080
Adding missing Helm repo: chartmuseum.jenkins-x.io http://chartmuseum.jenkins-x.io
WARNING: No secrets found on "helm/repos" due: reading the secret "helm/repos" from vault: no secret "helm/repos" not found in vault
Read credentials for http://chartmuseum.jenkins-x.io from vault helm/repos
Successfully added Helm repository chartmuseum.jenkins-x.io.
